13:02:16 **** Incremental Build of configuration Debug for project p8_PID_control ****
make pre-build main-build 
a9-linaro-pre-build-step
' '
'Building file: ../src/main.c'
'Invoking: ARM v7 gcc compiler'
arm-none-eabi-gcc -Wall -O0 -g3 -c -fmessage-length=0 -MT"src/main.o" -mcpu=cortex-a9 -mfpu=vfpv3 -mfloat-abi=hard -I../../p3_UART0_bsp/ps7_cortexa9_0/include -MMD -MP -MF"src/main.d" -MT"src/main.o" -o "src/main.o" "../src/main.c"
../src/main.c: In function 'compute_pid':
../src/main.c:106:17: error: request for member 'setpoint' in something not a structure or union
  float err = pid->setpoint - pid->sensor;
                 ^~
../src/main.c:106:33: error: request for member 'sensor' in something not a structure or union
  float err = pid->setpoint - pid->sensor;
                                 ^~
../src/main.c:108:5: error: request for member 'acc_error' in something not a structure or union
  pid->acc_error += err;
     ^~
../src/main.c:110:5: error: request for member 'pid_correction' in something not a structure or union
  pid->pid_correction = pid->kp * err + pid->ki * pid->acc_error + pid->kd * (err - pid->prev_error);
     ^~
../src/main.c:110:27: error: request for member 'kp' in something not a structure or union
  pid->pid_correction = pid->kp * err + pid->ki * pid->acc_error + pid->kd * (err - pid->prev_error);
                           ^~
../src/main.c:110:43: error: request for member 'ki' in something not a structure or union
  pid->pid_correction = pid->kp * err + pid->ki * pid->acc_error + pid->kd * (err - pid->prev_error);
                                           ^~
../src/main.c:110:53: error: request for member 'acc_error' in something not a structure or union
  pid->pid_correction = pid->kp * err + pid->ki * pid->acc_error + pid->kd * (err - pid->prev_error);
                                                     ^~
../src/main.c:110:70: error: request for member 'kd' in something not a structure or union
  pid->pid_correction = pid->kp * err + pid->ki * pid->acc_error + pid->kd * (err - pid->prev_error);
                                                                      ^~
../src/main.c:110:87: error: request for member 'prev_error' in something not a structure or union
  pid->pid_correction = pid->kp * err + pid->ki * pid->acc_error + pid->kd * (err - pid->prev_error);
                                                                                       ^~
../src/main.c:112:5: error: request for member 'prev_error' in something not a structure or union
  pid->prev_error = err;
     ^~
../src/main.c: In function 'init_pid':
../src/main.c:117:5: error: request for member 'acc_error' in something not a structure or union
  pid->acc_error = 0;
     ^~
../src/main.c:118:5: error: request for member 'prev_error' in something not a structure or union
  pid->prev_error = 0;
     ^~
../src/main.c:119:5: error: request for member 'setpoint' in something not a structure or union
  pid->setpoint = 0;
     ^~
../src/main.c:121:5: error: request for member 'kp' in something not a structure or union
  pid->kp = kp;
     ^~
../src/main.c:122:5: error: request for member 'ki' in something not a structure or union
  pid->ki = ki;
     ^~
../src/main.c:123:5: error: request for member 'kd' in something not a structure or union
  pid->kd = kd;
     ^~
../src/main.c: In function 'bt_init':
../src/main.c:205:5: warning: implicit declaration of function 'dump_config' [-Wimplicit-function-declaration]
     dump_config(inst);
     ^~~~~~~~~~~
../src/main.c: At top level:
../src/main.c:215:6: warning: conflicting types for 'dump_config'
 void dump_config(XUartPs* inst)
      ^~~~~~~~~~~
../src/main.c:205:5: note: previous implicit declaration of 'dump_config' was here
     dump_config(inst);
     ^~~~~~~~~~~
../src/main.c: In function 'quad_arm':
../src/main.c:394:5: warning: unused variable 'in' [-Wunused-variable]
  u8 in[msgLength];
     ^~
../src/main.c: In function 'main':
../src/main.c:544:19: warning: unused variable 'gyrOr' [-Wunused-variable]
     orientation_t gyrOr = {0, 0};
                   ^~~~~
make: *** [src/main.o] Error 1
13:02:35 **** Incremental Build of configuration Debug for project p8_PID_control ****
make pre-build main-build 
a9-linaro-pre-build-step
' '
'Building file: ../src/main.c'
'Invoking: ARM v7 gcc compiler'
arm-none-eabi-gcc -Wall -O0 -g3 -c -fmessage-length=0 -MT"src/main.o" -mcpu=cortex-a9 -mfpu=vfpv3 -mfloat-abi=hard -I../../p3_UART0_bsp/ps7_cortexa9_0/include -MMD -MP -MF"src/main.d" -MT"src/main.o" -o "src/main.o" "../src/main.c"
../src/main.c: In function 'bt_init':
../src/main.c:205:5: warning: implicit declaration of function 'dump_config' [-Wimplicit-function-declaration]
     dump_config(inst);
     ^~~~~~~~~~~
../src/main.c: At top level:
../src/main.c:215:6: warning: conflicting types for 'dump_config'
 void dump_config(XUartPs* inst)
      ^~~~~~~~~~~
../src/main.c:205:5: note: previous implicit declaration of 'dump_config' was here
     dump_config(inst);
     ^~~~~~~~~~~
../src/main.c: In function 'quad_arm':
../src/main.c:394:5: warning: unused variable 'in' [-Wunused-variable]
  u8 in[msgLength];
     ^~
../src/main.c: In function 'main':
../src/main.c:544:19: warning: unused variable 'gyrOr' [-Wunused-variable]
     orientation_t gyrOr = {0, 0};
                   ^~~~~
'Finished building: ../src/main.c'
' '
'Building file: ../src/platform.c'
'Invoking: ARM v7 gcc compiler'
arm-none-eabi-gcc -Wall -O0 -g3 -c -fmessage-length=0 -MT"src/platform.o" -mcpu=cortex-a9 -mfpu=vfpv3 -mfloat-abi=hard -I../../p3_UART0_bsp/ps7_cortexa9_0/include -MMD -MP -MF"src/platform.d" -MT"src/platform.o" -o "src/platform.o" "../src/platform.c"
'Finished building: ../src/platform.c'
' '
'Building target: p8_PID_control.elf'
'Invoking: ARM v7 gcc linker'
arm-none-eabi-gcc -mcpu=cortex-a9 -mfpu=vfpv3 -mfloat-abi=hard -Wl,-build-id=none -specs=Xilinx.spec -Wl,-T -Wl,../src/lscript.ld -L../../p3_UART0_bsp/ps7_cortexa9_0/lib -o "p8_PID_control.elf"  ./src/main.o ./src/platform.o   -lm -Wl,--start-group,-lxil,-lgcc,-lc,--end-group
'Finished building target: p8_PID_control.elf'
' '
'Invoking: ARM v7 Print Size'
arm-none-eabi-size p8_PID_control.elf  |tee "p8_PID_control.elf.size"
   text	   data	    bss	    dec	    hex	filename
  37496	   1188	  22584	  61268	   ef54	p8_PID_control.elf
'Finished building: p8_PID_control.elf.size'
' '
13:05:10 **** Incremental Build of configuration Debug for project p8_PID_control ****
make pre-build main-build 
a9-linaro-pre-build-step
' '
make: Nothing to be done for `main-build'.
13:15:49 **** Incremental Build of configuration Debug for project p8_PID_control ****
make pre-build main-build 
a9-linaro-pre-build-step
' '
'Building file: ../src/main.c'
'Invoking: ARM v7 gcc compiler'
arm-none-eabi-gcc -Wall -O0 -g3 -c -fmessage-length=0 -MT"src/main.o" -mcpu=cortex-a9 -mfpu=vfpv3 -mfloat-abi=hard -I../../p3_UART0_bsp/ps7_cortexa9_0/include -MMD -MP -MF"src/main.d" -MT"src/main.o" -o "src/main.o" "../src/main.c"
../src/main.c: In function 'bt_init':
../src/main.c:205:5: warning: implicit declaration of function 'dump_config' [-Wimplicit-function-declaration]
     dump_config(inst);
     ^~~~~~~~~~~
../src/main.c: At top level:
../src/main.c:215:6: warning: conflicting types for 'dump_config'
 void dump_config(XUartPs* inst)
      ^~~~~~~~~~~
../src/main.c:205:5: note: previous implicit declaration of 'dump_config' was here
     dump_config(inst);
     ^~~~~~~~~~~
../src/main.c: In function 'quad_arm':
../src/main.c:394:5: warning: unused variable 'in' [-Wunused-variable]
  u8 in[msgLength];
     ^~
../src/main.c: At top level:
../src/main.c:502:1: warning: return type defaults to 'int' [-Wimplicit-int]
 quad_setYaw(XUartPs* inst, uint16_t yaw)
 ^~~~~~~~~~~
../src/main.c: In function 'main':
../src/main.c:602:5: warning: implicit declaration of function 'pid_init' [-Wimplicit-function-declaration]
     pid_init(&pid);
     ^~~~~~~~
../src/main.c:611:10: error: invalid type argument of '->' (have 'pid_wtf_t {aka struct _pid_wtf_t}')
       pid->setpoint = 0;
          ^~
../src/main.c:612:10: error: invalid type argument of '->' (have 'pid_wtf_t {aka struct _pid_wtf_t}')
       pid->sensor = get_yaw();
          ^~
../src/main.c:615:50: error: invalid type argument of '->' (have 'pid_wtf_t {aka struct _pid_wtf_t}')
       quad_setYaw(&uartInst, (uint16_t)(yaw + pid->pid_correction));
                                                  ^~
make: *** [src/main.o] Error 1
13:16:07 **** Incremental Build of configuration Debug for project p8_PID_control ****
make pre-build main-build 
a9-linaro-pre-build-step
' '
'Building file: ../src/main.c'
'Invoking: ARM v7 gcc compiler'
arm-none-eabi-gcc -Wall -O0 -g3 -c -fmessage-length=0 -MT"src/main.o" -mcpu=cortex-a9 -mfpu=vfpv3 -mfloat-abi=hard -I../../p3_UART0_bsp/ps7_cortexa9_0/include -MMD -MP -MF"src/main.d" -MT"src/main.o" -o "src/main.o" "../src/main.c"
../src/main.c: In function 'bt_init':
../src/main.c:205:5: warning: implicit declaration of function 'dump_config' [-Wimplicit-function-declaration]
     dump_config(inst);
     ^~~~~~~~~~~
../src/main.c: At top level:
../src/main.c:215:6: warning: conflicting types for 'dump_config'
 void dump_config(XUartPs* inst)
      ^~~~~~~~~~~
../src/main.c:205:5: note: previous implicit declaration of 'dump_config' was here
     dump_config(inst);
     ^~~~~~~~~~~
../src/main.c: In function 'quad_arm':
../src/main.c:394:5: warning: unused variable 'in' [-Wunused-variable]
  u8 in[msgLength];
     ^~
../src/main.c: At top level:
../src/main.c:502:1: warning: return type defaults to 'int' [-Wimplicit-int]
 quad_setYaw(XUartPs* inst, uint16_t yaw)
 ^~~~~~~~~~~
../src/main.c: In function 'main':
../src/main.c:602:5: warning: implicit declaration of function 'pid_init' [-Wimplicit-function-declaration]
     pid_init(&pid);
     ^~~~~~~~
'Finished building: ../src/main.c'
' '
'Building target: p8_PID_control.elf'
'Invoking: ARM v7 gcc linker'
arm-none-eabi-gcc -mcpu=cortex-a9 -mfpu=vfpv3 -mfloat-abi=hard -Wl,-build-id=none -specs=Xilinx.spec -Wl,-T -Wl,../src/lscript.ld -L../../p3_UART0_bsp/ps7_cortexa9_0/lib -o "p8_PID_control.elf"  ./src/main.o ./src/platform.o   -lm -Wl,--start-group,-lxil,-lgcc,-lc,--end-group
./src/main.o: In function `main':
C:\Cpre488\MP-4\MP-4.sdk\p8_PID_control\Debug/../src/main.c:602: undefined reference to `pid_init'
C:\Cpre488\MP-4\MP-4.sdk\p8_PID_control\Debug/../src/main.c:619: undefined reference to `pid_init'
collect2.exe: error: ld returned 1 exit status
make: *** [p8_PID_control.elf] Error 1
13:16:21 **** Incremental Build of configuration Debug for project p8_PID_control ****
make pre-build main-build 
a9-linaro-pre-build-step
' '
'Building file: ../src/main.c'
'Invoking: ARM v7 gcc compiler'
arm-none-eabi-gcc -Wall -O0 -g3 -c -fmessage-length=0 -MT"src/main.o" -mcpu=cortex-a9 -mfpu=vfpv3 -mfloat-abi=hard -I../../p3_UART0_bsp/ps7_cortexa9_0/include -MMD -MP -MF"src/main.d" -MT"src/main.o" -o "src/main.o" "../src/main.c"
../src/main.c: In function 'bt_init':
../src/main.c:205:5: warning: implicit declaration of function 'dump_config' [-Wimplicit-function-declaration]
     dump_config(inst);
     ^~~~~~~~~~~
../src/main.c: At top level:
../src/main.c:215:6: warning: conflicting types for 'dump_config'
 void dump_config(XUartPs* inst)
      ^~~~~~~~~~~
../src/main.c:205:5: note: previous implicit declaration of 'dump_config' was here
     dump_config(inst);
     ^~~~~~~~~~~
../src/main.c: In function 'quad_arm':
../src/main.c:394:5: warning: unused variable 'in' [-Wunused-variable]
  u8 in[msgLength];
     ^~
../src/main.c: At top level:
../src/main.c:502:1: warning: return type defaults to 'int' [-Wimplicit-int]
 quad_setYaw(XUartPs* inst, uint16_t yaw)
 ^~~~~~~~~~~
../src/main.c: In function 'main':
../src/main.c:602:5: error: too few arguments to function 'init_pid'
     init_pid(&pid);
     ^~~~~~~~
../src/main.c:115:6: note: declared here
 void init_pid(pid_wtf_t* pid, float kp, float ki, float kd)
      ^~~~~~~~
../src/main.c:619:7: warning: implicit declaration of function 'pid_init' [-Wimplicit-function-declaration]
       pid_init(&pid);
       ^~~~~~~~
make: *** [src/main.o] Error 1
13:16:47 **** Incremental Build of configuration Debug for project p8_PID_control ****
make pre-build main-build 
a9-linaro-pre-build-step
' '
'Building file: ../src/main.c'
'Invoking: ARM v7 gcc compiler'
arm-none-eabi-gcc -Wall -O0 -g3 -c -fmessage-length=0 -MT"src/main.o" -mcpu=cortex-a9 -mfpu=vfpv3 -mfloat-abi=hard -I../../p3_UART0_bsp/ps7_cortexa9_0/include -MMD -MP -MF"src/main.d" -MT"src/main.o" -o "src/main.o" "../src/main.c"
../src/main.c: In function 'bt_init':
../src/main.c:205:5: warning: implicit declaration of function 'dump_config' [-Wimplicit-function-declaration]
     dump_config(inst);
     ^~~~~~~~~~~
../src/main.c: At top level:
../src/main.c:215:6: warning: conflicting types for 'dump_config'
 void dump_config(XUartPs* inst)
      ^~~~~~~~~~~
../src/main.c:205:5: note: previous implicit declaration of 'dump_config' was here
     dump_config(inst);
     ^~~~~~~~~~~
../src/main.c: In function 'quad_arm':
../src/main.c:394:5: warning: unused variable 'in' [-Wunused-variable]
  u8 in[msgLength];
     ^~
../src/main.c: At top level:
../src/main.c:502:1: warning: return type defaults to 'int' [-Wimplicit-int]
 quad_setYaw(XUartPs* inst, uint16_t yaw)
 ^~~~~~~~~~~
../src/main.c: In function 'main':
../src/main.c:619:7: warning: implicit declaration of function 'pid_init' [-Wimplicit-function-declaration]
       pid_init(&pid);
       ^~~~~~~~
'Finished building: ../src/main.c'
' '
'Building target: p8_PID_control.elf'
'Invoking: ARM v7 gcc linker'
arm-none-eabi-gcc -mcpu=cortex-a9 -mfpu=vfpv3 -mfloat-abi=hard -Wl,-build-id=none -specs=Xilinx.spec -Wl,-T -Wl,../src/lscript.ld -L../../p3_UART0_bsp/ps7_cortexa9_0/lib -o "p8_PID_control.elf"  ./src/main.o ./src/platform.o   -lm -Wl,--start-group,-lxil,-lgcc,-lc,--end-group
./src/main.o: In function `main':
C:\Cpre488\MP-4\MP-4.sdk\p8_PID_control\Debug/../src/main.c:619: undefined reference to `pid_init'
collect2.exe: error: ld returned 1 exit status
make: *** [p8_PID_control.elf] Error 1
13:17:27 **** Incremental Build of configuration Debug for project p8_PID_control ****
make pre-build main-build 
a9-linaro-pre-build-step
' '
'Building file: ../src/main.c'
'Invoking: ARM v7 gcc compiler'
arm-none-eabi-gcc -Wall -O0 -g3 -c -fmessage-length=0 -MT"src/main.o" -mcpu=cortex-a9 -mfpu=vfpv3 -mfloat-abi=hard -I../../p3_UART0_bsp/ps7_cortexa9_0/include -MMD -MP -MF"src/main.d" -MT"src/main.o" -o "src/main.o" "../src/main.c"
../src/main.c: In function 'bt_init':
../src/main.c:205:5: warning: implicit declaration of function 'dump_config' [-Wimplicit-function-declaration]
     dump_config(inst);
     ^~~~~~~~~~~
../src/main.c: At top level:
../src/main.c:215:6: warning: conflicting types for 'dump_config'
 void dump_config(XUartPs* inst)
      ^~~~~~~~~~~
../src/main.c:205:5: note: previous implicit declaration of 'dump_config' was here
     dump_config(inst);
     ^~~~~~~~~~~
../src/main.c: In function 'quad_arm':
../src/main.c:394:5: warning: unused variable 'in' [-Wunused-variable]
  u8 in[msgLength];
     ^~
../src/main.c: At top level:
../src/main.c:502:1: warning: return type defaults to 'int' [-Wimplicit-int]
 quad_setYaw(XUartPs* inst, uint16_t yaw)
 ^~~~~~~~~~~
'Finished building: ../src/main.c'
' '
'Building target: p8_PID_control.elf'
'Invoking: ARM v7 gcc linker'
arm-none-eabi-gcc -mcpu=cortex-a9 -mfpu=vfpv3 -mfloat-abi=hard -Wl,-build-id=none -specs=Xilinx.spec -Wl,-T -Wl,../src/lscript.ld -L../../p3_UART0_bsp/ps7_cortexa9_0/lib -o "p8_PID_control.elf"  ./src/main.o ./src/platform.o   -lm -Wl,--start-group,-lxil,-lgcc,-lc,--end-group
'Finished building target: p8_PID_control.elf'
' '
'Invoking: ARM v7 Print Size'
arm-none-eabi-size p8_PID_control.elf  |tee "p8_PID_control.elf.size"
   text	   data	    bss	    dec	    hex	filename
  38184	   1188	  22584	  61956	   f204	p8_PID_control.elf
'Finished building: p8_PID_control.elf.size'
' '
09:20:59 **** Build of project p3_UART0_bsp ****
make -k all 
'\\MY.FILES.IASTATE.EDU\Users\njknuth\Desktop\MP-4\Cpre488\MP-4\MP-4.sdk\p3_UART0_bsp'
"Running Make include in ps7_cortexa9_0/libsrc/bram_v4_1/src"
CMD.EXE was started with the above path as the current directory.
make -C ps7_cortexa9_0/libsrc/bram_v4_1/src -s include  "SHELL=CMD" "COMPILER=arm-none-eabi-gcc" "ARCHIVER=arm-none-eabi-ar" "COMPILER_FLAGS=  -O2 -c" "EXTRA_COMPILER_FLAGS=-mcpu=cortex-a9 -mfpu=vfpv3 -mfloat-abi=hard -nostartfiles -Wall -Wextra"
UNC paths are not supported.  Defaulting to Windows directory.
'\\MY.FILES.IASTATE.EDU\Users\njknuth\Desktop\MP-4\Cpre488\MP-4\MP-4.sdk\p3_UART0_bsp'
CMD.EXE was started with the above path as the current directory.
UNC paths are not supported.  Defaulting to Windows directory.
make: *** ps7_cortexa9_0/libsrc/bram_v4_1/src: No such file or directory.  Stop.
make: *** [ps7_cortexa9_0/libsrc/bram_v4_1/src/make.include] Error 2
'\\MY.FILES.IASTATE.EDU\Users\njknuth\Desktop\MP-4\Cpre488\MP-4\MP-4.sdk\p3_UART0_bsp'
CMD.EXE was started with the above path as the current directory.
"Running Make include in ps7_cortexa9_0/libsrc/coresightps_dcc_v1_4/src"
UNC paths are not supported.  Defaulting to Windows directory.
make -C ps7_cortexa9_0/libsrc/coresightps_dcc_v1_4/src -s include  "SHELL=CMD" "COMPILER=arm-none-eabi-gcc" "ARCHIVER=arm-none-eabi-ar" "COMPILER_FLAGS=  -O2 -c" "EXTRA_COMPILER_FLAGS=-mcpu=cortex-a9 -mfpu=vfpv3 -mfloat-abi=hard -nostartfiles -Wall -Wextra"
'\\MY.FILES.IASTATE.EDU\Users\njknuth\Desktop\MP-4\Cpre488\MP-4\MP-4.sdk\p3_UART0_bsp'
CMD.EXE was started with the above path as the current directory.
UNC paths are not supported.  Defaulting to Windows directory.
make: *** ps7_cortexa9_0/libsrc/coresightps_dcc_v1_4/src: No such file or directory.  Stop.
make: *** [ps7_cortexa9_0/libsrc/coresightps_dcc_v1_4/src/make.include] Error 2
'\\MY.FILES.IASTATE.EDU\Users\njknuth\Desktop\MP-4\Cpre488\MP-4\MP-4.sdk\p3_UART0_bsp'
"Running Make include in ps7_cortexa9_0/libsrc/cpu_cortexa9_v2_4/src"
CMD.EXE was started with the above path as the current directory.
make -C ps7_cortexa9_0/libsrc/cpu_cortexa9_v2_4/src -s include  "SHELL=CMD" "COMPILER=arm-none-eabi-gcc" "ARCHIVER=arm-none-eabi-ar" "COMPILER_FLAGS=  -O2 -c" "EXTRA_COMPILER_FLAGS=-mcpu=cortex-a9 -mfpu=vfpv3 -mfloat-abi=hard -nostartfiles -Wall -Wextra"
UNC paths are not supported.  Defaulting to Windows directory.
'\\MY.FILES.IASTATE.EDU\Users\njknuth\Desktop\MP-4\Cpre488\MP-4\MP-4.sdk\p3_UART0_bsp'
CMD.EXE was started with the above path as the current directory.
UNC paths are not supported.  Defaulting to Windows directory.
make: *** ps7_cortexa9_0/libsrc/cpu_cortexa9_v2_4/src: No such file or directory.  Stop.
make: *** [ps7_cortexa9_0/libsrc/cpu_cortexa9_v2_4/src/make.include] Error 2
'\\MY.FILES.IASTATE.EDU\Users\njknuth\Desktop\MP-4\Cpre488\MP-4\MP-4.sdk\p3_UART0_bsp'
"Running Make include in ps7_cortexa9_0/libsrc/ddrps_v1_0/src"
CMD.EXE was started with the above path as the current directory.
UNC paths are not supported.  Defaulting to Windows directory.
make -C ps7_cortexa9_0/libsrc/ddrps_v1_0/src -s include  "SHELL=CMD" "COMPILER=arm-none-eabi-gcc" "ARCHIVER=arm-none-eabi-ar" "COMPILER_FLAGS=  -O2 -c" "EXTRA_COMPILER_FLAGS=-mcpu=cortex-a9 -mfpu=vfpv3 -mfloat-abi=hard -nostartfiles -Wall -Wextra"
'\\MY.FILES.IASTATE.EDU\Users\njknuth\Desktop\MP-4\Cpre488\MP-4\MP-4.sdk\p3_UART0_bsp'
CMD.EXE was started with the above path as the current directory.
UNC paths are not supported.  Defaulting to Windows directory.
make: *** ps7_cortexa9_0/libsrc/ddrps_v1_0/src: No such file or directory.  Stop.
make: *** [ps7_cortexa9_0/libsrc/ddrps_v1_0/src/make.include] Error 2
'\\MY.FILES.IASTATE.EDU\Users\njknuth\Desktop\MP-4\Cpre488\MP-4\MP-4.sdk\p3_UART0_bsp'
"Running Make include in ps7_cortexa9_0/libsrc/devcfg_v3_4/src"
CMD.EXE was started with the above path as the current directory.
make -C ps7_cortexa9_0/libsrc/devcfg_v3_4/src -s include  "SHELL=CMD" "COMPILER=arm-none-eabi-gcc" "ARCHIVER=arm-none-eabi-ar" "COMPILER_FLAGS=  -O2 -c" "EXTRA_COMPILER_FLAGS=-mcpu=cortex-a9 -mfpu=vfpv3 -mfloat-abi=hard -nostartfiles -Wall -Wextra"
UNC paths are not supported.  Defaulting to Windows directory.
'\\MY.FILES.IASTATE.EDU\Users\njknuth\Desktop\MP-4\Cpre488\MP-4\MP-4.sdk\p3_UART0_bsp'
CMD.EXE was started with the above path as the current directory.
UNC paths are not supported.  Defaulting to Windows directory.
make: *** ps7_cortexa9_0/libsrc/devcfg_v3_4/src: No such file or directory.  Stop.
make: *** [ps7_cortexa9_0/libsrc/devcfg_v3_4/src/make.include] Error 2
'\\MY.FILES.IASTATE.EDU\Users\njknuth\Desktop\MP-4\Cpre488\MP-4\MP-4.sdk\p3_UART0_bsp'
CMD.EXE was started with the above path as the current directory.
UNC paths are not supported.  Defaulting to Windows directory.
"Running Make include in ps7_cortexa9_0/libsrc/dmaps_v2_3/src"
make -C ps7_cortexa9_0/libsrc/dmaps_v2_3/src -s include  "SHELL=CMD" "COMPILER=arm-none-eabi-gcc" "ARCHIVER=arm-none-eabi-ar" "COMPILER_FLAGS=  -O2 -c" "EXTRA_COMPILER_FLAGS=-mcpu=cortex-a9 -mfpu=vfpv3 -mfloat-abi=hard -nostartfiles -Wall -Wextra"
'\\MY.FILES.IASTATE.EDU\Users\njknuth\Desktop\MP-4\Cpre488\MP-4\MP-4.sdk\p3_UART0_bsp'
CMD.EXE was started with the above path as the current directory.
UNC paths are not supported.  Defaulting to Windows directory.
make: *** ps7_cortexa9_0/libsrc/dmaps_v2_3/src: No such file or directory.  Stop.
make: *** [ps7_cortexa9_0/libsrc/dmaps_v2_3/src/make.include] Error 2
'\\MY.FILES.IASTATE.EDU\Users\njknuth\Desktop\MP-4\Cpre488\MP-4\MP-4.sdk\p3_UART0_bsp'
CMD.EXE was started with the above path as the current directory.
"Running Make include in ps7_cortexa9_0/libsrc/emacps_v3_4/src"
UNC paths are not supported.  Defaulting to Windows directory.
make -C ps7_cortexa9_0/libsrc/emacps_v3_4/src -s include  "SHELL=CMD" "COMPILER=arm-none-eabi-gcc" "ARCHIVER=arm-none-eabi-ar" "COMPILER_FLAGS=  -O2 -c" "EXTRA_COMPILER_FLAGS=-mcpu=cortex-a9 -mfpu=vfpv3 -mfloat-abi=hard -nostartfiles -Wall -Wextra"
'\\MY.FILES.IASTATE.EDU\Users\njknuth\Desktop\MP-4\Cpre488\MP-4\MP-4.sdk\p3_UART0_bsp'
CMD.EXE was started with the above path as the current directory.
UNC paths are not supported.  Defaulting to Windows directory.
make: *** ps7_cortexa9_0/libsrc/emacps_v3_4/src: No such file or directory.  Stop.
make: *** [ps7_cortexa9_0/libsrc/emacps_v3_4/src/make.include] Error 2
'\\MY.FILES.IASTATE.EDU\Users\njknuth\Desktop\MP-4\Cpre488\MP-4\MP-4.sdk\p3_UART0_bsp'
CMD.EXE was started with the above path as the current directory.
UNC paths are not supported.  Defaulting to Windows directory.
"Running Make include in ps7_cortexa9_0/libsrc/gpio_v4_3/src"
make -C ps7_cortexa9_0/libsrc/gpio_v4_3/src -s include  "SHELL=CMD" "COMPILER=arm-none-eabi-gcc" "ARCHIVER=arm-none-eabi-ar" "COMPILER_FLAGS=  -O2 -c" "EXTRA_COMPILER_FLAGS=-mcpu=cortex-a9 -mfpu=vfpv3 -mfloat-abi=hard -nostartfiles -Wall -Wextra"
'\\MY.FILES.IASTATE.EDU\Users\njknuth\Desktop\MP-4\Cpre488\MP-4\MP-4.sdk\p3_UART0_bsp'
CMD.EXE was started with the above path as the current directory.
UNC paths are not supported.  Defaulting to Windows directory.
make: *** ps7_cortexa9_0/libsrc/gpio_v4_3/src: No such file or directory.  Stop.
make: *** [ps7_cortexa9_0/libsrc/gpio_v4_3/src/make.include] Error 2
'\\MY.FILES.IASTATE.EDU\Users\njknuth\Desktop\MP-4\Cpre488\MP-4\MP-4.sdk\p3_UART0_bsp'
"Running Make include in ps7_cortexa9_0/libsrc/gpiops_v3_2/src"
CMD.EXE was started with the above path as the current directory.
UNC paths are not supported.  Defaulting to Windows directory.
make -C ps7_cortexa9_0/libsrc/gpiops_v3_2/src -s include  "SHELL=CMD" "COMPILER=arm-none-eabi-gcc" "ARCHIVER=arm-none-eabi-ar" "COMPILER_FLAGS=  -O2 -c" "EXTRA_COMPILER_FLAGS=-mcpu=cortex-a9 -mfpu=vfpv3 -mfloat-abi=hard -nostartfiles -Wall -Wextra"
'\\MY.FILES.IASTATE.EDU\Users\njknuth\Desktop\MP-4\Cpre488\MP-4\MP-4.sdk\p3_UART0_bsp'
CMD.EXE was started with the above path as the current directory.
UNC paths are not supported.  Defaulting to Windows directory.
make: *** ps7_cortexa9_0/libsrc/gpiops_v3_2/src: No such file or directory.  Stop.
make: *** [ps7_cortexa9_0/libsrc/gpiops_v3_2/src/make.include] Error 2
'\\MY.FILES.IASTATE.EDU\Users\njknuth\Desktop\MP-4\Cpre488\MP-4\MP-4.sdk\p3_UART0_bsp'
"Running Make include in ps7_cortexa9_0/libsrc/qspips_v3_3/src"
CMD.EXE was started with the above path as the current directory.
UNC paths are not supported.  Defaulting to Windows directory.
make -C ps7_cortexa9_0/libsrc/qspips_v3_3/src -s include  "SHELL=CMD" "COMPILER=arm-none-eabi-gcc" "ARCHIVER=arm-none-eabi-ar" "COMPILER_FLAGS=  -O2 -c" "EXTRA_COMPILER_FLAGS=-mcpu=cortex-a9 -mfpu=vfpv3 -mfloat-abi=hard -nostartfiles -Wall -Wextra"
'\\MY.FILES.IASTATE.EDU\Users\njknuth\Desktop\MP-4\Cpre488\MP-4\MP-4.sdk\p3_UART0_bsp'
CMD.EXE was started with the above path as the current directory.
UNC paths are not supported.  Defaulting to Windows directory.
make: *** ps7_cortexa9_0/libsrc/qspips_v3_3/src: No such file or directory.  Stop.
make: *** [ps7_cortexa9_0/libsrc/qspips_v3_3/src/make.include] Error 2
'\\MY.FILES.IASTATE.EDU\Users\njknuth\Desktop\MP-4\Cpre488\MP-4\MP-4.sdk\p3_UART0_bsp'
"Running Make include in ps7_cortexa9_0/libsrc/scugic_v3_6/src"
CMD.EXE was started with the above path as the current directory.
make -C ps7_cortexa9_0/libsrc/scugic_v3_6/src -s include  "SHELL=CMD" "COMPILER=arm-none-eabi-gcc" "ARCHIVER=arm-none-eabi-ar" "COMPILER_FLAGS=  -O2 -c" "EXTRA_COMPILER_FLAGS=-mcpu=cortex-a9 -mfpu=vfpv3 -mfloat-abi=hard -nostartfiles -Wall -Wextra"
UNC paths are not supported.  Defaulting to Windows directory.
'\\MY.FILES.IASTATE.EDU\Users\njknuth\Desktop\MP-4\Cpre488\MP-4\MP-4.sdk\p3_UART0_bsp'
CMD.EXE was started with the above path as the current directory.
UNC paths are not supported.  Defaulting to Windows directory.
make: *** ps7_cortexa9_0/libsrc/scugic_v3_6/src: No such file or directory.  Stop.
make: *** [ps7_cortexa9_0/libsrc/scugic_v3_6/src/make.include] Error 2
'\\MY.FILES.IASTATE.EDU\Users\njknuth\Desktop\MP-4\Cpre488\MP-4\MP-4.sdk\p3_UART0_bsp'
"Running Make include in ps7_cortexa9_0/libsrc/scutimer_v2_1/src"
CMD.EXE was started with the above path as the current directory.
make -C ps7_cortexa9_0/libsrc/scutimer_v2_1/src -s include  "SHELL=CMD" "COMPILER=arm-none-eabi-gcc" "ARCHIVER=arm-none-eabi-ar" "COMPILER_FLAGS=  -O2 -c" "EXTRA_COMPILER_FLAGS=-mcpu=cortex-a9 -mfpu=vfpv3 -mfloat-abi=hard -nostartfiles -Wall -Wextra"
UNC paths are not supported.  Defaulting to Windows directory.
'\\MY.FILES.IASTATE.EDU\Users\njknuth\Desktop\MP-4\Cpre488\MP-4\MP-4.sdk\p3_UART0_bsp'
CMD.EXE was started with the above path as the current directory.
UNC paths are not supported.  Defaulting to Windows directory.
make: *** ps7_cortexa9_0/libsrc/scutimer_v2_1/src: No such file or directory.  Stop.
make: *** [ps7_cortexa9_0/libsrc/scutimer_v2_1/src/make.include] Error 2
'\\MY.FILES.IASTATE.EDU\Users\njknuth\Desktop\MP-4\Cpre488\MP-4\MP-4.sdk\p3_UART0_bsp'
"Running Make include in ps7_cortexa9_0/libsrc/scuwdt_v2_1/src"
CMD.EXE was started with the above path as the current directory.
make -C ps7_cortexa9_0/libsrc/scuwdt_v2_1/src -s include  "SHELL=CMD" "COMPILER=arm-none-eabi-gcc" "ARCHIVER=arm-none-eabi-ar" "COMPILER_FLAGS=  -O2 -c" "EXTRA_COMPILER_FLAGS=-mcpu=cortex-a9 -mfpu=vfpv3 -mfloat-abi=hard -nostartfiles -Wall -Wextra"
UNC paths are not supported.  Defaulting to Windows directory.
'\\MY.FILES.IASTATE.EDU\Users\njknuth\Desktop\MP-4\Cpre488\MP-4\MP-4.sdk\p3_UART0_bsp'
CMD.EXE was started with the above path as the current directory.
UNC paths are not supported.  Defaulting to Windows directory.
make: *** ps7_cortexa9_0/libsrc/scuwdt_v2_1/src: No such file or directory.  Stop.
make: *** [ps7_cortexa9_0/libsrc/scuwdt_v2_1/src/make.include] Error 2
'\\MY.FILES.IASTATE.EDU\Users\njknuth\Desktop\MP-4\Cpre488\MP-4\MP-4.sdk\p3_UART0_bsp'
"Running Make include in ps7_cortexa9_0/libsrc/sdps_v3_2/src"
CMD.EXE was started with the above path as the current directory.
UNC paths are not supported.  Defaulting to Windows directory.
make -C ps7_cortexa9_0/libsrc/sdps_v3_2/src -s include  "SHELL=CMD" "COMPILER=arm-none-eabi-gcc" "ARCHIVER=arm-none-eabi-ar" "COMPILER_FLAGS=  -O2 -c" "EXTRA_COMPILER_FLAGS=-mcpu=cortex-a9 -mfpu=vfpv3 -mfloat-abi=hard -nostartfiles -Wall -Wextra"
'\\MY.FILES.IASTATE.EDU\Users\njknuth\Desktop\MP-4\Cpre488\MP-4\MP-4.sdk\p3_UART0_bsp'
CMD.EXE was started with the above path as the current directory.
UNC paths are not supported.  Defaulting to Windows directory.
make: *** ps7_cortexa9_0/libsrc/sdps_v3_2/src: No such file or directory.  Stop.
make: *** [ps7_cortexa9_0/libsrc/sdps_v3_2/src/make.include] Error 2
'\\MY.FILES.IASTATE.EDU\Users\njknuth\Desktop\MP-4\Cpre488\MP-4\MP-4.sdk\p3_UART0_bsp'
"Running Make include in ps7_cortexa9_0/libsrc/standalone_v6_2/src"
CMD.EXE was started with the above path as the current directory.
make -C ps7_cortexa9_0/libsrc/standalone_v6_2/src -s include  "SHELL=CMD" "COMPILER=arm-none-eabi-gcc" "ARCHIVER=arm-none-eabi-ar" "COMPILER_FLAGS=  -O2 -c" "EXTRA_COMPILER_FLAGS=-mcpu=cortex-a9 -mfpu=vfpv3 -mfloat-abi=hard -nostartfiles -Wall -Wextra"
UNC paths are not supported.  Defaulting to Windows directory.
'\\MY.FILES.IASTATE.EDU\Users\njknuth\Desktop\MP-4\Cpre488\MP-4\MP-4.sdk\p3_UART0_bsp'
CMD.EXE was started with the above path as the current directory.
UNC paths are not supported.  Defaulting to Windows directory.
make: *** ps7_cortexa9_0/libsrc/standalone_v6_2/src: No such file or directory.  Stop.
make: *** [ps7_cortexa9_0/libsrc/standalone_v6_2/src/make.include] Error 2
'\\MY.FILES.IASTATE.EDU\Users\njknuth\Desktop\MP-4\Cpre488\MP-4\MP-4.sdk\p3_UART0_bsp'
"Running Make include in ps7_cortexa9_0/libsrc/ttcps_v3_3/src"
CMD.EXE was started with the above path as the current directory.
UNC paths are not supported.  Defaulting to Windows directory.
make -C ps7_cortexa9_0/libsrc/ttcps_v3_3/src -s include  "SHELL=CMD" "COMPILER=arm-none-eabi-gcc" "ARCHIVER=arm-none-eabi-ar" "COMPILER_FLAGS=  -O2 -c" "EXTRA_COMPILER_FLAGS=-mcpu=cortex-a9 -mfpu=vfpv3 -mfloat-abi=hard -nostartfiles -Wall -Wextra"
'\\MY.FILES.IASTATE.EDU\Users\njknuth\Desktop\MP-4\Cpre488\MP-4\MP-4.sdk\p3_UART0_bsp'
CMD.EXE was started with the above path as the current directory.
UNC paths are not supported.  Defaulting to Windows directory.
make: *** ps7_cortexa9_0/libsrc/ttcps_v3_3/src: No such file or directory.  Stop.
make: *** [ps7_cortexa9_0/libsrc/ttcps_v3_3/src/make.include] Error 2
'\\MY.FILES.IASTATE.EDU\Users\njknuth\Desktop\MP-4\Cpre488\MP-4\MP-4.sdk\p3_UART0_bsp'
"Running Make include in ps7_cortexa9_0/libsrc/uartps_v3_4/src"
CMD.EXE was started with the above path as the current directory.
make -C ps7_cortexa9_0/libsrc/uartps_v3_4/src -s include  "SHELL=CMD" "COMPILER=arm-none-eabi-gcc" "ARCHIVER=arm-none-eabi-ar" "COMPILER_FLAGS=  -O2 -c" "EXTRA_COMPILER_FLAGS=-mcpu=cortex-a9 -mfpu=vfpv3 -mfloat-abi=hard -nostartfiles -Wall -Wextra"
UNC paths are not supported.  Defaulting to Windows directory.
'\\MY.FILES.IASTATE.EDU\Users\njknuth\Desktop\MP-4\Cpre488\MP-4\MP-4.sdk\p3_UART0_bsp'
CMD.EXE was started with the above path as the current directory.
UNC paths are not supported.  Defaulting to Windows directory.
make: *** ps7_cortexa9_0/libsrc/uartps_v3_4/src: No such file or directory.  Stop.
make: *** [ps7_cortexa9_0/libsrc/uartps_v3_4/src/make.include] Error 2
'\\MY.FILES.IASTATE.EDU\Users\njknuth\Desktop\MP-4\Cpre488\MP-4\MP-4.sdk\p3_UART0_bsp'
CMD.EXE was started with the above path as the current directory.
UNC paths are not supported.  Defaulting to Windows directory.
"Running Make include in ps7_cortexa9_0/libsrc/usbps_v2_4/src"
make -C ps7_cortexa9_0/libsrc/usbps_v2_4/src -s include  "SHELL=CMD" "COMPILER=arm-none-eabi-gcc" "ARCHIVER=arm-none-eabi-ar" "COMPILER_FLAGS=  -O2 -c" "EXTRA_COMPILER_FLAGS=-mcpu=cortex-a9 -mfpu=vfpv3 -mfloat-abi=hard -nostartfiles -Wall -Wextra"
'\\MY.FILES.IASTATE.EDU\Users\njknuth\Desktop\MP-4\Cpre488\MP-4\MP-4.sdk\p3_UART0_bsp'
CMD.EXE was started with the above path as the current directory.
UNC paths are not supported.  Defaulting to Windows directory.
make: *** ps7_cortexa9_0/libsrc/usbps_v2_4/src: No such file or directory.  Stop.
make: *** [ps7_cortexa9_0/libsrc/usbps_v2_4/src/make.include] Error 2
'\\MY.FILES.IASTATE.EDU\Users\njknuth\Desktop\MP-4\Cpre488\MP-4\MP-4.sdk\p3_UART0_bsp'
"Running Make include in ps7_cortexa9_0/libsrc/xadcps_v2_2/src"
CMD.EXE was started with the above path as the current directory.
make -C ps7_cortexa9_0/libsrc/xadcps_v2_2/src -s include  "SHELL=CMD" "COMPILER=arm-none-eabi-gcc" "ARCHIVER=arm-none-eabi-ar" "COMPILER_FLAGS=  -O2 -c" "EXTRA_COMPILER_FLAGS=-mcpu=cortex-a9 -mfpu=vfpv3 -mfloat-abi=hard -nostartfiles -Wall -Wextra"
UNC paths are not supported.  Defaulting to Windows directory.
'\\MY.FILES.IASTATE.EDU\Users\njknuth\Desktop\MP-4\Cpre488\MP-4\MP-4.sdk\p3_UART0_bsp'
CMD.EXE was started with the above path as the current directory.
UNC paths are not supported.  Defaulting to Windows directory.
make: *** ps7_cortexa9_0/libsrc/xadcps_v2_2/src: No such file or directory.  Stop.
make: *** [ps7_cortexa9_0/libsrc/xadcps_v2_2/src/make.include] Error 2
make: Target `all' not remade because of errors.
09:21:00 **** Build of configuration Debug for project p7_request_GPS ****
make pre-build main-build 
a9-linaro-pre-build-step
'\\MY.FILES.IASTATE.EDU\Users\njknuth\Desktop\MP-4\Cpre488\MP-4\MP-4.sdk\p7_request_GPS\Debug'
CMD.EXE was started with the above path as the current directory.
UNC paths are not supported.  Defaulting to Windows directory.
Access is denied.
'\\MY.FILES.IASTATE.EDU\Users\njknuth\Desktop\MP-4\Cpre488\MP-4\MP-4.sdk\p7_request_GPS\Debug'
CMD.EXE was started with the above path as the current directory.
UNC paths are not supported.  Defaulting to Windows directory.
' '
'\\MY.FILES.IASTATE.EDU\Users\njknuth\Desktop\MP-4\Cpre488\MP-4\MP-4.sdk\p7_request_GPS\Debug'
CMD.EXE was started with the above path as the current directory.
UNC paths are not supported.  Defaulting to Windows directory.
'Building file: ../src/main.c'
'\\MY.FILES.IASTATE.EDU\Users\njknuth\Desktop\MP-4\Cpre488\MP-4\MP-4.sdk\p7_request_GPS\Debug'
CMD.EXE was started with the above path as the current directory.
UNC paths are not supported.  Defaulting to Windows directory.
'Invoking: ARM v7 gcc compiler'
arm-none-eabi-gcc -Wall -O0 -g3 -c -fmessage-length=0 -MT"src/main.o" -mcpu=cortex-a9 -mfpu=vfpv3 -mfloat-abi=hard -I../../p3_UART0_bsp/ps7_cortexa9_0/include -MMD -MP -MF"src/main.d" -MT"src/main.o" -o "src/main.o" "../src/main.c"
'\\MY.FILES.IASTATE.EDU\Users\njknuth\Desktop\MP-4\Cpre488\MP-4\MP-4.sdk\p7_request_GPS\Debug'
CMD.EXE was started with the above path as the current directory.
UNC paths are not supported.  Defaulting to Windows directory.
arm-none-eabi-gcc: error: ../src/main.c: No such file or directory
arm-none-eabi-gcc: fatal error: no input files
compilation terminated.
make: *** [src/main.o] Error 1
09:21:43 **** Incremental Build of configuration Debug for project p7_request_GPS ****
make pre-build main-build 
a9-linaro-pre-build-step
'\\MY.FILES.IASTATE.EDU\Users\njknuth\Desktop\MP-4\Cpre488\MP-4\MP-4.sdk\p7_request_GPS\Debug'
CMD.EXE was started with the above path as the current directory.
UNC paths are not supported.  Defaulting to Windows directory.
Access is denied.
'\\MY.FILES.IASTATE.EDU\Users\njknuth\Desktop\MP-4\Cpre488\MP-4\MP-4.sdk\p7_request_GPS\Debug'
CMD.EXE was started with the above path as the current directory.
UNC paths are not supported.  Defaulting to Windows directory.
' '
'\\MY.FILES.IASTATE.EDU\Users\njknuth\Desktop\MP-4\Cpre488\MP-4\MP-4.sdk\p7_request_GPS\Debug'
CMD.EXE was started with the above path as the current directory.
UNC paths are not supported.  Defaulting to Windows directory.
'Building file: ../src/main.c'
'\\MY.FILES.IASTATE.EDU\Users\njknuth\Desktop\MP-4\Cpre488\MP-4\MP-4.sdk\p7_request_GPS\Debug'
CMD.EXE was started with the above path as the current directory.
UNC paths are not supported.  Defaulting to Windows directory.
'Invoking: ARM v7 gcc compiler'
arm-none-eabi-gcc -Wall -O0 -g3 -c -fmessage-length=0 -MT"src/main.o" -mcpu=cortex-a9 -mfpu=vfpv3 -mfloat-abi=hard -I../../p3_UART0_bsp/ps7_cortexa9_0/include -MMD -MP -MF"src/main.d" -MT"src/main.o" -o "src/main.o" "../src/main.c"
'\\MY.FILES.IASTATE.EDU\Users\njknuth\Desktop\MP-4\Cpre488\MP-4\MP-4.sdk\p7_request_GPS\Debug'
CMD.EXE was started with the above path as the current directory.
UNC paths are not supported.  Defaulting to Windows directory.
arm-none-eabi-gcc: error: ../src/main.c: No such file or directory
arm-none-eabi-gcc: fatal error: no input files
compilation terminated.
make: *** [src/main.o] Error 1
